<?xml version="1.0" encoding="UTF-8"?>
<!-- Generated by org.testng.reporters.JUnitReportReporter -->
<testsuite hostname="DESKTOP-N34I4TF" failures="0" tests="2" name="Academy.Test_ApproveRequest" time="19.633" errors="0" timestamp="2021-05-05T11:50:40 IST" skipped="1">
  <testcase classname="Academy.Test_ApproveRequest" name="ApproveDeny" time="0.000">
    <skipped/>
  </testcase> <!-- ApproveDeny -->
  <system-out/>
  <testcase classname="Academy.Test_ApproveRequest" name="basePageNavigation" time="19.633"/>
  <system-out/>
</testsuite> <!-- Academy.Test_ApproveRequest -->
