<?xml version="1.0" encoding="UTF-8"?>
<!-- Generated by org.testng.reporters.JUnitReportReporter -->
<testsuite hostname="DESKTOP-N34I4TF" failures="0" tests="3" name="Academy.Test_ClientLogin" time="42.623" errors="0" timestamp="2021-05-12T10:45:20 IST" skipped="0">
  <testcase classname="Academy.Test_ClientLogin" name="ClientJoiningCall" time="12.539"/>
  <system-out/>
  <testcase classname="Academy.Test_ClientLogin" name="endClient" time="3.361"/>
  <system-out/>
  <testcase classname="Academy.Test_ClientLogin" name="ClientSideChat" time="26.723"/>
  <system-out/>
</testsuite> <!-- Academy.Test_ClientLogin -->
