<?xml version="1.0" encoding="UTF-8"?>
<!-- Generated by org.testng.reporters.JUnitReportReporter -->
<testsuite hostname="DESKTOP-N34I4TF" failures="0" tests="1" name="Academy.AgentLogin" time="21.439" errors="0" timestamp="2021-05-04T13:32:51 IST" skipped="0">
  <testcase classname="Academy.AgentLogin" name="basePageNavigation" time="21.439"/>
  <system-out/>
</testsuite> <!-- Academy.AgentLogin -->
