<?xml version="1.0" encoding="UTF-8"?>
<!-- Generated by org.testng.reporters.JUnitReportReporter -->
<testsuite hostname="DESKTOP-N34I4TF" failures="0" tests="4" name="Academy.Test_AgentLogin" time="60.693" errors="0" timestamp="2021-05-12T10:45:20 IST" skipped="0">
  <testcase classname="Academy.Test_AgentLogin" name="ApproveDeny" time="3.659"/>
  <system-out/>
  <testcase classname="Academy.Test_AgentLogin" name="ActionByAgent" time="27.653"/>
  <system-out/>
  <testcase classname="Academy.Test_AgentLogin" name="end" time="9.693"/>
  <system-out/>
  <testcase classname="Academy.Test_AgentLogin" name="basePageNavigation" time="19.688"/>
  <system-out/>
</testsuite> <!-- Academy.Test_AgentLogin -->
